0 info it worked if it ends with ok
1 verbose cli [ '/usr/local/bin/node', '/usr/local/bin/npm', 'publish' ]
2 info using npm@3.10.3
3 info using node@v6.5.0
4 verbose publish [ '.' ]
5 silly cache add args [ '.', null ]
6 verbose cache add spec .
7 silly cache add parsed spec Result {
7 silly cache add   raw: '.',
7 silly cache add   scope: null,
7 silly cache add   escapedName: null,
7 silly cache add   name: null,
7 silly cache add   rawSpec: '.',
7 silly cache add   spec: '/home/veljko/work/repo_conv/_tmp/identityuserexposer',
7 silly cache add   type: 'directory' }
8 verbose addLocalDirectory /home/veljko/.npm/allex_identityuserexposerservice/1.0.0/package.tgz not in flight; packing
9 verbose correctMkdir /home/veljko/.npm correctMkdir not in flight; initializing
10 info lifecycle allex_identityuserexposerservice@1.0.0~prepublish: allex_identityuserexposerservice@1.0.0
11 silly lifecycle allex_identityuserexposerservice@1.0.0~prepublish: no script for prepublish, continuing
12 verbose tar pack [ '/home/veljko/.npm/allex_identityuserexposerservice/1.0.0/package.tgz',
12 verbose tar pack   '/home/veljko/work/repo_conv/_tmp/identityuserexposer' ]
13 verbose tarball /home/veljko/.npm/allex_identityuserexposerservice/1.0.0/package.tgz
14 verbose folder /home/veljko/work/repo_conv/_tmp/identityuserexposer
15 verbose addLocalTarball adding from inside cache /home/veljko/.npm/allex_identityuserexposerservice/1.0.0/package.tgz
16 verbose correctMkdir /home/veljko/.npm correctMkdir not in flight; initializing
17 silly cache afterAdd allex_identityuserexposerservice@1.0.0
18 verbose afterAdd /home/veljko/.npm/allex_identityuserexposerservice/1.0.0/package/package.json not in flight; writing
19 verbose correctMkdir /home/veljko/.npm correctMkdir not in flight; initializing
20 verbose afterAdd /home/veljko/.npm/allex_identityuserexposerservice/1.0.0/package/package.json written
21 silly publish { name: 'allex_identityuserexposerservice',
21 silly publish   version: '1.0.0',
21 silly publish   description: 'IdentityUserExposerService',
21 silly publish   main: 'index.js',
21 silly publish   scripts: { test: 'mocha' },
21 silly publish   repository:
21 silly publish    { type: 'git',
21 silly publish      url: 'git+ssh://git@github.com/allex-services/identityuserexposer.git' },
21 silly publish   keywords: [ 'ecosystem:allex', 'Service', 'IdentityUserExposer' ],
21 silly publish   author: { name: 'HERS Belgrade' },
21 silly publish   license: 'ISC',
21 silly publish   readme: '# IdentityUserExposerService\n',
21 silly publish   readmeFilename: 'README.md',
21 silly publish   gitHead: '82b4ef4fbd881bd1fa4bdb17863646795c87c6b1',
21 silly publish   bugs: { url: 'https://github.com/allex-services/identityuserexposer/issues' },
21 silly publish   homepage: 'https://github.com/allex-services/identityuserexposer#readme',
21 silly publish   _id: 'allex_identityuserexposerservice@1.0.0',
21 silly publish   _shasum: 'cc9fce3d0de2a413203c56194a84fbe4e3723f6f',
21 silly publish   _from: '.' }
22 verbose getPublishConfig undefined
23 silly mapToRegistry name allex_identityuserexposerservice
24 silly mapToRegistry using default registry
25 silly mapToRegistry registry https://registry.npmjs.org/
26 silly mapToRegistry data Result {
26 silly mapToRegistry   raw: 'allex_identityuserexposerservice',
26 silly mapToRegistry   scope: null,
26 silly mapToRegistry   escapedName: 'allex_identityuserexposerservice',
26 silly mapToRegistry   name: 'allex_identityuserexposerservice',
26 silly mapToRegistry   rawSpec: '',
26 silly mapToRegistry   spec: 'latest',
26 silly mapToRegistry   type: 'tag' }
27 silly mapToRegistry uri https://registry.npmjs.org/allex_identityuserexposerservice
28 verbose publish registryBase https://registry.npmjs.org/
29 silly publish uploading /home/veljko/.npm/allex_identityuserexposerservice/1.0.0/package.tgz
30 verbose request uri https://registry.npmjs.org/allex_identityuserexposerservice
31 verbose request sending authorization for write operation
32 info attempt registry request try #1 at 4:23:30 PM
33 verbose request using bearer token for auth
34 verbose request id 60e6a33dfae80d22
35 http request PUT https://registry.npmjs.org/allex_identityuserexposerservice
36 http 403 https://registry.npmjs.org/allex_identityuserexposerservice
37 verbose headers { 'content-type': 'application/json',
37 verbose headers   'cache-control': 'max-age=300',
37 verbose headers   'content-length': '95',
37 verbose headers   'accept-ranges': 'bytes',
37 verbose headers   date: 'Wed, 19 Jul 2017 14:23:31 GMT',
37 verbose headers   via: '1.1 varnish',
37 verbose headers   connection: 'keep-alive',
37 verbose headers   'x-served-by': 'cache-hhn1532-HHN',
37 verbose headers   'x-cache': 'MISS',
37 verbose headers   'x-cache-hits': '0',
37 verbose headers   'x-timer': 'S1500474211.604832,VS0,VE864',
37 verbose headers   vary: 'Accept-Encoding, Accept' }
38 verbose request invalidating /home/veljko/.npm/registry.npmjs.org/allex_identityuserexposerservice on PUT
39 error publish Failed PUT 403
40 verbose stack Error: "You cannot publish over the previously published version 1.0.0." : allex_identityuserexposerservice
40 verbose stack     at makeError (/usr/local/lib/node_modules/npm/node_modules/npm-registry-client/lib/request.js:264:12)
40 verbose stack     at CachingRegistryClient.<anonymous> (/usr/local/lib/node_modules/npm/node_modules/npm-registry-client/lib/request.js:252:14)
40 verbose stack     at Request._callback (/usr/local/lib/node_modules/npm/node_modules/npm-registry-client/lib/request.js:172:14)
40 verbose stack     at Request.self.callback (/usr/local/lib/node_modules/npm/node_modules/request/request.js:200:22)
40 verbose stack     at emitTwo (events.js:106:13)
40 verbose stack     at Request.emit (events.js:191:7)
40 verbose stack     at Request.<anonymous> (/usr/local/lib/node_modules/npm/node_modules/request/request.js:1067:10)
40 verbose stack     at emitOne (events.js:101:20)
40 verbose stack     at Request.emit (events.js:188:7)
40 verbose stack     at IncomingMessage.<anonymous> (/usr/local/lib/node_modules/npm/node_modules/request/request.js:988:12)
41 verbose statusCode 403
42 verbose pkgid allex_identityuserexposerservice
43 verbose cwd /home/veljko/work/repo_conv/_tmp/identityuserexposer
44 error Linux 4.4.0-83-generic
45 error argv "/usr/local/bin/node" "/usr/local/bin/npm" "publish"
46 error node v6.5.0
47 error npm  v3.10.3
48 error code E403
49 error "You cannot publish over the previously published version 1.0.0." : allex_identityuserexposerservice
50 error If you need help, you may report this error at:
50 error     <https://github.com/npm/npm/issues>
51 verbose exit [ 1, true ]
